<?xml version="1.0" encoding="UTF-8"?>
<testng-results ignored="0" total="1" passed="1" failed="0" skipped="0">
  <reporter-output>
  </reporter-output>
  <suite started-at="2021-10-18T18:42:43 IST" name="Default suite" finished-at="2021-10-18T18:42:43 IST" duration-ms="49">
    <groups>
    </groups>
    <test started-at="2021-10-18T18:42:43 IST" name="Default test" finished-at="2021-10-18T18:42:43 IST" duration-ms="49">
      <class name="com.crm.contactTest.createcontactTest">
        <test-method signature="createcontactTest()[pri:0, instance:com.crm.contactTest.createcontactTest@5552768b]" started-at="2021-10-18T18:42:43 IST" name="createcontactTest" finished-at="2021-10-18T18:42:43 IST" duration-ms="9" status="PASS">
          <reporter-output>
          </reporter-output>
        </test-method> <!-- createcontactTest -->
      </class> <!-- com.crm.contactTest.createcontactTest -->
    </test> <!-- Default test -->
  </suite> <!-- Default suite -->
</testng-results>
